C51 COMPILER V9.60.0.0   EXP_3                                                             04/05/2022 14:21:46 PAGE 1   


C51 COMPILER V9.60.0.0, COMPILATION OF MODULE EXP_3
OBJECT MODULE PLACED IN .\Objects\exp-3.obj
COMPILER INVOKED BY: C:\Keil_v5\C51\BIN\C51.exe exp-3.c OPTIMIZE(8,SPEED) BROWSE DEBUG OBJECTEXTEND PRINT(.\Listings\exp
                    --3.lst) TABS(2) OBJECT(.\Objects\exp-3.obj)

line level    source

   1          #include<reg51.h>
   2          sbit en = P3^5;
   3          sbit rw = P3^6;
   4          sbit rs = P3^7;
   5          void msdelay(unsigned int time){
   6   1        unsigned i,j;
   7   1        for(i=0;i<time;i++){
   8   2          for(j=0;j<319;j++);
   9   2          }
  10   1      }
  11          void lcdcmd(unsigned char loc){
  12   1        P1=loc;
  13   1        en=1;
  14   1        rs=0;
  15   1        rw=0;
  16   1        msdelay(1);
  17   1        en=0;
  18   1      }
  19          void lcddata(unsigned char loc, unsigned int value){
  20   1        lcdcmd(loc);
  21   1        P1=value;
  22   1        en=1;
  23   1        rs=1;
  24   1        rw=0;
  25   1        msdelay(1);
  26   1        en=0;
  27   1      }
  28          void LCDINT(){
  29   1        lcdcmd(0X38);
  30   1        lcdcmd(0X06);
  31   1        lcdcmd(0X0c);
  32   1        lcdcmd(0x01);
  33   1        msdelay(1);
  34   1      }
  35          void lcddisplay(unsigned char loc , unsigned char word[]){
  36   1        unsigned char i;
  37   1        for(i=0;word[i]!='0';i++)
  38   1        {
  39   2          lcddata(loc+i,word[i]);
  40   2        }
  41   1        
  42   1      }
  43          
  44          void main(){
  45   1        char i;
  46   1        LCDINT();
  47   1        while(1){
  48   2          lcddisplay(0x82,"NIT NAGAlAND");
  49   2          msdelay(100);
  50   2          for(i=0;i<17;i++){
  51   3            lcdcmd(0X18);
  52   3            msdelay(100);
  53   3          }
  54   2        }
C51 COMPILER V9.60.0.0   EXP_3                                                             04/05/2022 14:21:46 PAGE 2   

  55   1      }
  56                
  57              
  58          
  59          
  60          
  61            
  62            
  63            
  64            
  65            
  66            
  67            
  68            
  69            
  70            
  71            
  72            


MODULE INFORMATION:   STATIC OVERLAYABLE
   CODE SIZE        =    198    ----
   CONSTANT SIZE    =     13    ----
   XDATA SIZE       =   ----    ----
   PDATA SIZE       =   ----    ----
   DATA SIZE        =   ----       5
   IDATA SIZE       =   ----    ----
   BIT SIZE         =   ----    ----
END OF MODULE INFORMATION.


C51 COMPILATION COMPLETE.  0 WARNING(S),  0 ERROR(S)
